<?xml version="1.0" encoding="UTF-8"?>
<!-- Generated by org.testng.reporters.JUnitXMLReporter -->
<testsuite ignored="4" hostname="NiKlausMikaelson" failures="0" tests="9" name="ChromeTest" time="207.523" errors="0" timestamp="2025-06-16T10:01:56 IST">
  <testcase classname="Test.AddUserTest" name="addUser" time="9.569"/>
  <testcase classname="Test.AddUserTest" name="addUser" time="9.335"/>
  <testcase classname="Test.AddUserTest" name="addUser" time="9.667"/>
  <testcase classname="Test.UpdateUserTest" name="upUser" time="8.675"/>
  <testcase classname="Test.UpdateUserTest" name="upUser" time="8.462"/>
  <testcase classname="Test.UpdateUserTest" name="upUser" time="8.38"/>
  <testcase classname="Test.DeleteUserTest" name="upUser" time="7.485"/>
  <testcase classname="Test.DeleteUserTest" name="upUser" time="6.79"/>
  <testcase classname="Test.DeleteUserTest" name="upUser" time="6.669"/>
  <testcase classname="Base.Base" name="@AfterSuite flushReport" time="0.0">
    <ignored/>
  </testcase> <!-- @AfterSuite flushReport -->
  <testcase classname="Base.Base" name="@BeforeSuite setUpExtent" time="0.0">
    <ignored/>
  </testcase> <!-- @BeforeSuite setUpExtent -->
  <testcase classname="Base.Base" name="@BeforeSuite setUpExtent" time="0.0">
    <ignored/>
  </testcase> <!-- @BeforeSuite setUpExtent -->
  <testcase classname="Base.Base" name="@AfterSuite flushReport" time="0.0">
    <ignored/>
  </testcase> <!-- @AfterSuite flushReport -->
</testsuite> <!-- ChromeTest -->
