<?xml version="1.0" encoding="UTF-8"?>
<!-- Generated by org.testng.reporters.JUnitXMLReporter -->
<testsuite ignored="2" hostname="NiKlausMikaelson" failures="0" tests="8" name="Test" time="93.634" errors="0" timestamp="2025-06-03T10:07:06 IST">
  <testcase classname="Test.AddUserTest" name="validlogin" time="8.913"/>
  <testcase classname="Test.Testing" name="validlogin" time="10.139"/>
  <testcase classname="Test.AddUserTest" name="addUser" time="26.455"/>
  <testcase classname="Test.Testing" name="addUser" time="26.67"/>
  <testcase classname="Test.Testing" name="addUser" time="25.997"/>
  <testcase classname="Test.AddUserTest" name="addUser" time="27.174"/>
  <testcase classname="Test.Testing" name="addUser" time="27.36"/>
  <testcase classname="Test.AddUserTest" name="addUser" time="26.976"/>
  <testcase classname="Base.Base" name="@BeforeSuite setUpExtent" time="0.0">
    <ignored/>
  </testcase> <!-- @BeforeSuite setUpExtent -->
  <testcase classname="Base.Base" name="@AfterSuite flushReport" time="0.0">
    <ignored/>
  </testcase> <!-- @AfterSuite flushReport -->
</testsuite> <!-- Test -->
